<?xml version="1.0" encoding="UTF-8" ?>
<testsuites>
 <testsuite name="Tictactoe API" timestamp="2016-12-12T17:27:18" hostname="localhost" time="0.105" errors="0" tests="1" skipped="0" disabled="0" failures="0">
  <testcase classname="Tictactoe API" name="should be able to play game to end" time="0.105" />
 </testsuite>
</testsuites>