<?xml version="1.0" encoding="UTF-8" ?>
<testsuites>
 <testsuite name="TicTacToe load test" timestamp="2016-12-14T21:32:48" hostname="localhost" time="3.959" errors="0" tests="1" skipped="0" disabled="0" failures="0">
  <testcase classname="TicTacToe load test" name="should create 100 games within 5000ms" time="3.959" />
 </testsuite>
</testsuites>