<?xml version="1.0" encoding="UTF-8" ?>
<testsuites>
 <testsuite name="CreateGame command" timestamp="2016-12-13T21:31:49" hostname="localhost" time="0.003" errors="0" tests="1" skipped="0" disabled="0" failures="0">
  <testcase classname="CreateGame command" name="should emit GameCreated event" time="0.003" />
 </testsuite>
</testsuites>