<?xml version="1.0" encoding="UTF-8" ?>
<testsuites>
 <testsuite name="TicTacToe load test" timestamp="2016-12-13T21:03:23" hostname="localhost" time="0.147" errors="0" tests="1" skipped="0" disabled="0" failures="1">
  <testcase classname="TicTacToe load test" name="should play 10 games within 20000ms" time="0.145">
   <failure type="exception" message="TypeError: Cannot read property &apos;gameId&apos; of undefined"><![CDATA[TypeError: Cannot read property 'gameId' of undefined
    at userA.createGame.then (/Users/gunnarbirnir/Documents/reference-tictactoe/apitest/tictactoe.loadtest.js:45:51)
    at waitLonger (/Users/gunnarbirnir/Documents/reference-tictactoe/apitest/fluentapi/user-api.js:63:23)
    at Object.then (/Users/gunnarbirnir/Documents/reference-tictactoe/apitest/fluentapi/user-api.js:66:17)
    at Object.<anonymous> (/Users/gunnarbirnir/Documents/reference-tictactoe/apitest/tictactoe.loadtest.js:44:32)
    at attemptAsync (/Users/gunnarbirnir/Documents/reference-tictactoe/node_modules/jasmine-core/lib/jasmine-core/jasmine.js:1980:24)
    at QueueRunner.run (/Users/gunnarbirnir/Documents/reference-tictactoe/node_modules/jasmine-core/lib/jasmine-core/jasmine.js:1935:9)
    at /Users/gunnarbirnir/Documents/reference-tictactoe/node_modules/jasmine-core/lib/jasmine-core/jasmine.js:1962:16
    at /Users/gunnarbirnir/Documents/reference-tictactoe/node_modules/jasmine-core/lib/jasmine-core/jasmine.js:1905:9
    at testapi.waitForCleanDatabase.cleanDatabase.then (/Users/gunnarbirnir/Documents/reference-tictactoe/apitest/tictactoe.loadtest.js:24:13)
    at Timeout.waitLonger (/Users/gunnarbirnir/Documents/reference-tictactoe/apitest/fluentapi/test-api.js:40:21)]]>
   </failure>
  </testcase>
 </testsuite>
</testsuites>