<?xml version="1.0" encoding="UTF-8" ?>
<testsuites>
 <testsuite name="create game command" timestamp="2016-12-09T10:31:15" hostname="localhost" time="0.003" errors="0" tests="1" skipped="0" disabled="0" failures="0">
  <testcase classname="create game command" name="should emit game created event" time="0.003" />
 </testsuite>
</testsuites>