<?xml version="1.0" encoding="UTF-8" ?>
<testsuites>
 <testsuite name="CreateGame command" timestamp="2016-12-09T11:33:22" hostname="localhost" time="0.005" errors="0" tests="1" skipped="0" disabled="0" failures="0">
  <testcase classname="CreateGame command" name="should emit GameCreated event" time="0.005" />
 </testsuite>
</testsuites>