<?xml version="1.0" encoding="UTF-8" ?>
<testsuites>
 <testsuite name="User chat load test" timestamp="2016-12-14T21:32:43" hostname="localhost" time="4.935" errors="0" tests="1" skipped="0" disabled="0" failures="0">
  <testcase classname="User chat load test" name="should connect and send 200 user messages within 20000ms" time="4.933" />
 </testsuite>
</testsuites>