<?xml version="1.0" encoding="UTF-8" ?>
<testsuites>
 <testsuite name="JoinGame command" timestamp="2016-12-09T18:04:08" hostname="localhost" time="0.001" errors="0" tests="2" skipped="0" disabled="0" failures="0">
  <testcase classname="JoinGame command" name="should emit GameJoined event" time="0.001" />
  <testcase classname="JoinGame command" name="should emit FullGameJoinAttempted event when game is full" time="0" />
 </testsuite>
</testsuites>