<?xml version="1.0" encoding="UTF-8" ?>
<testsuites>
 <testsuite name="CreateGame command" timestamp="2016-12-09T17:25:20" hostname="localhost" time="0.004" errors="0" tests="1" skipped="0" disabled="0" failures="0">
  <testcase classname="CreateGame command" name="should emit GameCreated event" time="0.004" />
 </testsuite>
</testsuites>