<?xml version="1.0" encoding="UTF-8" ?>
<testsuites>
 <testsuite name="User chat API" timestamp="2016-12-12T17:27:17" hostname="localhost" time="0.229" errors="0" tests="2" skipped="0" disabled="0" failures="0">
  <testcase classname="User chat API" name="should get user session information on connect" time="0.146" />
  <testcase classname="User chat API" name="should receive chat message back after sending chat command" time="0.08" />
 </testsuite>
</testsuites>