<?xml version="1.0" encoding="UTF-8" ?>
<testsuites>
 <testsuite name="User chat load test" timestamp="2016-12-13T20:04:05" hostname="localhost" time="3.957" errors="0" tests="1" skipped="0" disabled="0" failures="0">
  <testcase classname="User chat load test" name="should connect and send 200 user messages within 20000ms" time="3.956" />
 </testsuite>
</testsuites>